#
# There is insufficient memory for the Java Runtime Environment to continue.
# Native memory allocation (malloc) failed to allocate 1670432 bytes for Chunk::new
# Possible reasons:
#   The system is out of physical RAM or swap space
#   The process is running with CompressedOops enabled, and the Java Heap may be blocking the growth of the native heap
# Possible solutions:
#   Reduce memory load on the system
#   Increase physical memory or swap space
#   Check if swap backing store is full
#   Decrease Java heap size (-Xmx/-Xms)
#   Decrease number of Java threads
#   Decrease Java thread stack sizes (-Xss)
#   Set larger code cache with -XX:ReservedCodeCacheSize=
#   JVM is running with Unscaled Compressed Oops mode in which the Java heap is
#     placed in the first 4GB address space. The Java Heap base address is the
#     maximum limit for the native heap growth. Please use -XX:HeapBaseMinAddress
#     to set the Java Heap base and to place the Java Heap above 4GB virtual address.
# This output file may be truncated or incomplete.
#
#  Out of Memory Error (arena.cpp:189), pid=12568, tid=10108
#
# JRE version: OpenJDK Runtime Environment JBR-17.0.5+1-653.25-jcef (17.0.5+1) (build 17.0.5+1-b653.25)
# Java VM: OpenJDK 64-Bit Server VM JBR-17.0.5+1-653.25-jcef (17.0.5+1-b653.25, mixed mode, tiered, compressed oops, compressed class ptrs, g1 gc, windows-amd64)
# No core dump will be written. Minidumps are not enabled by default on client versions of Windows
#

---------------  S U M M A R Y ------------

Command Line: -Dawt.toolkit=com.intellij.desktop.DesktopActionsToolkit -Djava.rmi.server.hostname=127.0.0.1 -Duser.timezone=UTC -Xmx750m -Xms128m --add-exports=java.desktop/sun.awt=ALL-UNNAMED --add-exports=java.desktop/java.awt.peer=ALL-UNNAMED --add-opens=java.desktop/java.awt=ALL-UNNAMED --add-opens=jdk.unsupported/sun.misc=ALL-UNNAMED --add-opens=java.base/java.nio=ALL-UNNAMED --add-opens=java.base/java.util=ALL-UNNAMED -Dfile.encoding=UTF-8 com.intellij.database.remote.RemoteJdbcServer org.postgresql.Driver

Host: Intel(R) Core(TM) i3-6006U CPU @ 2.00GHz, 4 cores, 7G,  Windows 10 , 64 bit Build 19041 (10.0.19041.3636)
Time: Thu Jan 11 12:05:47 2024  Windows 10 , 64 bit Build 19041 (10.0.19041.3636) elapsed time: 2138.956548 seconds (0d 0h 35m 38s)

---------------  T H R E A D  ---------------

Current thread (0x0000016cd1008610):  JavaThread "C2 CompilerThread0" daemon [_thread_in_native, id=10108, stack(0x0000001dde400000,0x0000001dde500000)]


Current CompileTask:
C2:2138956 2125   !   4       java.io.ObjectOutputStream::writeObject0 (620 bytes)

Stack: [0x0000001dde400000,0x0000001dde500000]
Native frames: (J=compiled Java code, j=interpreted, Vv=VM code, C=native code)
V  [jvm.dll+0x6830ca]
V  [jvm.dll+0x83f4c4]
V  [jvm.dll+0x840c6e]
V  [jvm.dll+0x8412d3]
V  [jvm.dll+0x2490b5]
V  [jvm.dll+0xabd5c]
V  [jvm.dll+0xac32c]
V  [jvm.dll+0x3680d7]
V  [jvm.dll+0x1bc7e8]
V  [jvm.dll+0x21b8b9]
V  [jvm.dll+0x21ab81]
V  [jvm.dll+0x1a470d]
V  [jvm.dll+0x22a5f8]
V  [jvm.dll+0x2286b9]
V  [jvm.dll+0x7f4eac]
V  [jvm.dll+0x7ef40a]
V  [jvm.dll+0x681f05]
C  [ucrtbase.dll+0x21bb2]
C  [KERNEL32.DLL+0x17344]
C  [ntdll.dll+0x526b1]


---------------  P R O C E S S  ---------------

Threads class SMR info:
_java_thread_list=0x0000016cd21599d0, length=23, elements={
0x0000016cba7eaec0, 0x0000016cd0fcb620, 0x0000016cd0fcc4e0, 0x0000016cd1002aa0,
0x0000016cd1005730, 0x0000016cd1007160, 0x0000016cd1007a20, 0x0000016cd1008610,
0x0000016cd1c247d0, 0x0000016cd1c278c0, 0x0000016cd1d6a6c0, 0x0000016cd1d6ab90,
0x0000016cd2102840, 0x0000016cd21054c0, 0x0000016cd20dacf0, 0x0000016cd20df8a0,
0x0000016cd20db1c0, 0x0000016cd20db690, 0x0000016cd2163cb0, 0x0000016cd218cf50,
0x0000016cd218ca80, 0x0000016cd218d8f0, 0x0000016cd22ca3c0
}

Java Threads: ( => current thread )
  0x0000016cba7eaec0 JavaThread "main" [_thread_blocked, id=12520, stack(0x0000001ddd700000,0x0000001ddd800000)]
  0x0000016cd0fcb620 JavaThread "Reference Handler" daemon [_thread_blocked, id=7668, stack(0x0000001ddde00000,0x0000001dddf00000)]
  0x0000016cd0fcc4e0 JavaThread "Finalizer" daemon [_thread_blocked, id=17044, stack(0x0000001dddf00000,0x0000001dde000000)]
  0x0000016cd1002aa0 JavaThread "Signal Dispatcher" daemon [_thread_blocked, id=15052, stack(0x0000001dde000000,0x0000001dde100000)]
  0x0000016cd1005730 JavaThread "Attach Listener" daemon [_thread_blocked, id=5420, stack(0x0000001dde100000,0x0000001dde200000)]
  0x0000016cd1007160 JavaThread "Service Thread" daemon [_thread_blocked, id=5548, stack(0x0000001dde200000,0x0000001dde300000)]
  0x0000016cd1007a20 JavaThread "Monitor Deflation Thread" daemon [_thread_blocked, id=1192, stack(0x0000001dde300000,0x0000001dde400000)]
=>0x0000016cd1008610 JavaThread "C2 CompilerThread0" daemon [_thread_in_native, id=10108, stack(0x0000001dde400000,0x0000001dde500000)]
  0x0000016cd1c247d0 JavaThread "C1 CompilerThread0" daemon [_thread_blocked, id=10316, stack(0x0000001dde500000,0x0000001dde600000)]
  0x0000016cd1c278c0 JavaThread "Sweeper thread" daemon [_thread_blocked, id=10520, stack(0x0000001dde600000,0x0000001dde700000)]
  0x0000016cd1d6a6c0 JavaThread "Common-Cleaner" daemon [_thread_blocked, id=15040, stack(0x0000001dde700000,0x0000001dde800000)]
  0x0000016cd1d6ab90 JavaThread "Notification Thread" daemon [_thread_blocked, id=12460, stack(0x0000001dde800000,0x0000001dde900000)]
  0x0000016cd2102840 JavaThread "Java2D Disposer" daemon [_thread_blocked, id=7536, stack(0x0000001ddea00000,0x0000001ddeb00000)]
  0x0000016cd21054c0 JavaThread "AWT-Windows" daemon [_thread_in_native, id=9140, stack(0x0000001ddec00000,0x0000001dded00000)]
  0x0000016cd20dacf0 JavaThread "RMI TCP Accept-30495" daemon [_thread_in_native, id=5128, stack(0x0000001dded00000,0x0000001ddee00000)]
  0x0000016cd20df8a0 JavaThread "RMI TCP Accept-0" daemon [_thread_in_native, id=12532, stack(0x0000001ddee00000,0x0000001ddef00000)]
  0x0000016cd20db1c0 JavaThread "RMI Reaper" [_thread_blocked, id=16668, stack(0x0000001ddef00000,0x0000001ddf000000)]
  0x0000016cd20db690 JavaThread "RMI GC Daemon" daemon [_thread_blocked, id=17192, stack(0x0000001ddf000000,0x0000001ddf100000)]
  0x0000016cd2163cb0 JavaThread "RMI TCP Connection(1)-127.0.0.1" daemon [_thread_in_native, id=352, stack(0x0000001ddf100000,0x0000001ddf200000)]
  0x0000016cd218cf50 JavaThread "RMI Scheduler(0)" daemon [_thread_blocked, id=13852, stack(0x0000001ddf200000,0x0000001ddf300000)]
  0x0000016cd218ca80 JavaThread "RMI RenewClean-[127.0.0.1:50557]" daemon [_thread_blocked, id=2124, stack(0x0000001ddeb00000,0x0000001ddec00000)]
  0x0000016cd218d8f0 JavaThread "RMI TCP Connection(3)-127.0.0.1" daemon [_thread_in_native, id=6616, stack(0x0000001ddd400000,0x0000001ddd500000)]
  0x0000016cd22ca3c0 JavaThread "PostgreSQL-JDBC-Cleaner" daemon [_thread_blocked, id=9600, stack(0x0000001ddd600000,0x0000001ddd700000)]

Other Threads:
  0x0000016cd0fa7520 VMThread "VM Thread" [stack: 0x0000001dddd00000,0x0000001ddde00000] [id=7264]
  0x0000016cd1d6b470 WatcherThread [stack: 0x0000001dde900000,0x0000001ddea00000] [id=16212]
  0x0000016cba820ce0 GCTaskThread "GC Thread#0" [stack: 0x0000001ddd800000,0x0000001ddd900000] [id=9240]
  0x0000016cd2291920 GCTaskThread "GC Thread#1" [stack: 0x0000001ddf500000,0x0000001ddf600000] [id=13948]
  0x0000016cd2265c50 GCTaskThread "GC Thread#2" [stack: 0x0000001ddf600000,0x0000001ddf700000] [id=15496]
  0x0000016cd2265f00 GCTaskThread "GC Thread#3" [stack: 0x0000001ddf700000,0x0000001ddf800000] [id=13840]
  0x0000016cba8278f0 ConcurrentGCThread "G1 Main Marker" [stack: 0x0000001ddd900000,0x0000001ddda00000] [id=14816]
  0x0000016cba828210 ConcurrentGCThread "G1 Conc#0" [stack: 0x0000001ddda00000,0x0000001dddb00000] [id=6028]
  0x0000016cba8a41c0 ConcurrentGCThread "G1 Refine#0" [stack: 0x0000001dddb00000,0x0000001dddc00000] [id=12372]
  0x0000016cd22661b0 ConcurrentGCThread "G1 Refine#1" [stack: 0x0000001ddf800000,0x0000001ddf900000] [id=10636]
  0x0000016cba8a5b00 ConcurrentGCThread "G1 Service" [stack: 0x0000001dddc00000,0x0000001dddd00000] [id=7420]

Threads with active compile tasks:
C2 CompilerThread0  2139016 2125   !   4       java.io.ObjectOutputStream::writeObject0 (620 bytes)

VM state: not at safepoint (normal execution)

VM Mutex/Monitor currently owned by a thread: None

Heap address: 0x00000000d1200000, size: 750 MB, Compressed Oops mode: 32-bit

CDS archive(s) not mapped
Compressed class space mapped at: 0x0000000100000000-0x0000000140000000, reserved size: 1073741824
Narrow klass base: 0x0000000000000000, Narrow klass shift: 3, Narrow klass range: 0x140000000

GC Precious Log:
 CPUs: 4 total, 4 available
 Memory: 8071M
 Large Page Support: Disabled
 NUMA Support: Disabled
 Compressed Oops: Enabled (32-bit)
 Heap Region Size: 1M
 Heap Min Capacity: 128M
 Heap Initial Capacity: 128M
 Heap Max Capacity: 750M
 Pre-touch: Disabled
 Parallel Workers: 4
 Concurrent Workers: 1
 Concurrent Refinement Workers: 4
 Periodic GC: Disabled

Heap:
 garbage-first heap   total 131072K, used 28565K [0x00000000d1200000, 0x0000000100000000)
  region size 1024K, 23 young (23552K), 2 survivors (2048K)
 Metaspace       used 19254K, committed 19456K, reserved 1073152K
  class space    used 1873K, committed 1984K, reserved 1048576K

Heap Regions: E=young(eden), S=young(survivor), O=old, HS=humongous(starts), HC=humongous(continues), CS=collection set, F=free, OA=open archive, CA=closed archive, TAMS=top-at-mark-start (previous, next)
|   0|0x00000000d1200000, 0x00000000d1300000, 0x00000000d1300000|100%|HS|  |TAMS 0x00000000d1200000, 0x00000000d1200000| Complete 
|   1|0x00000000d1300000, 0x00000000d1400000, 0x00000000d1400000|100%|HC|  |TAMS 0x00000000d1300000, 0x00000000d1300000| Complete 
|   2|0x00000000d1400000, 0x00000000d1500000, 0x00000000d1500000|100%|HC|  |TAMS 0x00000000d1400000, 0x00000000d1400000| Complete 
|   3|0x00000000d1500000, 0x00000000d1600000, 0x00000000d1600000|100%| O|  |TAMS 0x00000000d1500000, 0x00000000d1500000| Untracked 
|   4|0x00000000d1600000, 0x00000000d1700000, 0x00000000d1700000|100%| O|  |TAMS 0x00000000d1600000, 0x00000000d1600000| Untracked 
|   5|0x00000000d1700000, 0x00000000d1800000, 0x00000000d1800000|100%| O|  |TAMS 0x00000000d1700000, 0x00000000d1700000| Untracked 
|   6|0x00000000d1800000, 0x00000000d18bc400, 0x00000000d1900000| 73%| O|  |TAMS 0x00000000d1800000, 0x00000000d1800000| Untracked 
|   7|0x00000000d1900000, 0x00000000d1900000, 0x00000000d1a00000|  0%| F|  |TAMS 0x00000000d1900000, 0x00000000d1900000| Untracked 
|   8|0x00000000d1a00000, 0x00000000d1a00000, 0x00000000d1b00000|  0%| F|  |TAMS 0x00000000d1a00000, 0x00000000d1a00000| Untracked 
|   9|0x00000000d1b00000, 0x00000000d1b00000, 0x00000000d1c00000|  0%| F|  |TAMS 0x00000000d1b00000, 0x00000000d1b00000| Untracked 
|  10|0x00000000d1c00000, 0x00000000d1c00000, 0x00000000d1d00000|  0%| F|  |TAMS 0x00000000d1c00000, 0x00000000d1c00000| Untracked 
|  11|0x00000000d1d00000, 0x00000000d1d00000, 0x00000000d1e00000|  0%| F|  |TAMS 0x00000000d1d00000, 0x00000000d1d00000| Untracked 
|  12|0x00000000d1e00000, 0x00000000d1e00000, 0x00000000d1f00000|  0%| F|  |TAMS 0x00000000d1e00000, 0x00000000d1e00000| Untracked 
|  13|0x00000000d1f00000, 0x00000000d1f00000, 0x00000000d2000000|  0%| F|  |TAMS 0x00000000d1f00000, 0x00000000d1f00000| Untracked 
|  14|0x00000000d2000000, 0x00000000d2000000, 0x00000000d2100000|  0%| F|  |TAMS 0x00000000d2000000, 0x00000000d2000000| Untracked 
|  15|0x00000000d2100000, 0x00000000d2100000, 0x00000000d2200000|  0%| F|  |TAMS 0x00000000d2100000, 0x00000000d2100000| Untracked 
|  16|0x00000000d2200000, 0x00000000d2200000, 0x00000000d2300000|  0%| F|  |TAMS 0x00000000d2200000, 0x00000000d2200000| Untracked 
|  17|0x00000000d2300000, 0x00000000d2300000, 0x00000000d2400000|  0%| F|  |TAMS 0x00000000d2300000, 0x00000000d2300000| Untracked 
|  18|0x00000000d2400000, 0x00000000d2400000, 0x00000000d2500000|  0%| F|  |TAMS 0x00000000d2400000, 0x00000000d2400000| Untracked 
|  19|0x00000000d2500000, 0x00000000d2500000, 0x00000000d2600000|  0%| F|  |TAMS 0x00000000d2500000, 0x00000000d2500000| Untracked 
|  20|0x00000000d2600000, 0x00000000d2600000, 0x00000000d2700000|  0%| F|  |TAMS 0x00000000d2600000, 0x00000000d2600000| Untracked 
|  21|0x00000000d2700000, 0x00000000d2700000, 0x00000000d2800000|  0%| F|  |TAMS 0x00000000d2700000, 0x00000000d2700000| Untracked 
|  22|0x00000000d2800000, 0x00000000d2800000, 0x00000000d2900000|  0%| F|  |TAMS 0x00000000d2800000, 0x00000000d2800000| Untracked 
|  23|0x00000000d2900000, 0x00000000d2900000, 0x00000000d2a00000|  0%| F|  |TAMS 0x00000000d2900000, 0x00000000d2900000| Untracked 
|  24|0x00000000d2a00000, 0x00000000d2a00000, 0x00000000d2b00000|  0%| F|  |TAMS 0x00000000d2a00000, 0x00000000d2a00000| Untracked 
|  25|0x00000000d2b00000, 0x00000000d2b00000, 0x00000000d2c00000|  0%| F|  |TAMS 0x00000000d2b00000, 0x00000000d2b00000| Untracked 
|  26|0x00000000d2c00000, 0x00000000d2c00000, 0x00000000d2d00000|  0%| F|  |TAMS 0x00000000d2c00000, 0x00000000d2c00000| Untracked 
|  27|0x00000000d2d00000, 0x00000000d2d00000, 0x00000000d2e00000|  0%| F|  |TAMS 0x00000000d2d00000, 0x00000000d2d00000| Untracked 
|  28|0x00000000d2e00000, 0x00000000d2e00000, 0x00000000d2f00000|  0%| F|  |TAMS 0x00000000d2e00000, 0x00000000d2e00000| Untracked 
|  29|0x00000000d2f00000, 0x00000000d2f00000, 0x00000000d3000000|  0%| F|  |TAMS 0x00000000d2f00000, 0x00000000d2f00000| Untracked 
|  30|0x00000000d3000000, 0x00000000d3000000, 0x00000000d3100000|  0%| F|  |TAMS 0x00000000d3000000, 0x00000000d3000000| Untracked 
|  31|0x00000000d3100000, 0x00000000d3100000, 0x00000000d3200000|  0%| F|  |TAMS 0x00000000d3100000, 0x00000000d3100000| Untracked 
|  32|0x00000000d3200000, 0x00000000d3200000, 0x00000000d3300000|  0%| F|  |TAMS 0x00000000d3200000, 0x00000000d3200000| Untracked 
|  33|0x00000000d3300000, 0x00000000d3300000, 0x00000000d3400000|  0%| F|  |TAMS 0x00000000d3300000, 0x00000000d3300000| Untracked 
|  34|0x00000000d3400000, 0x00000000d3400000, 0x00000000d3500000|  0%| F|  |TAMS 0x00000000d3400000, 0x00000000d3400000| Untracked 
|  35|0x00000000d3500000, 0x00000000d3500000, 0x00000000d3600000|  0%| F|  |TAMS 0x00000000d3500000, 0x00000000d3500000| Untracked 
|  36|0x00000000d3600000, 0x00000000d3600000, 0x00000000d3700000|  0%| F|  |TAMS 0x00000000d3600000, 0x00000000d3600000| Untracked 
|  37|0x00000000d3700000, 0x00000000d3700000, 0x00000000d3800000|  0%| F|  |TAMS 0x00000000d3700000, 0x00000000d3700000| Untracked 
|  38|0x00000000d3800000, 0x00000000d3800000, 0x00000000d3900000|  0%| F|  |TAMS 0x00000000d3800000, 0x00000000d3800000| Untracked 
|  39|0x00000000d3900000, 0x00000000d3900000, 0x00000000d3a00000|  0%| F|  |TAMS 0x00000000d3900000, 0x00000000d3900000| Untracked 
|  40|0x00000000d3a00000, 0x00000000d3a00000, 0x00000000d3b00000|  0%| F|  |TAMS 0x00000000d3a00000, 0x00000000d3a00000| Untracked 
|  41|0x00000000d3b00000, 0x00000000d3b00000, 0x00000000d3c00000|  0%| F|  |TAMS 0x00000000d3b00000, 0x00000000d3b00000| Untracked 
|  42|0x00000000d3c00000, 0x00000000d3c00000, 0x00000000d3d00000|  0%| F|  |TAMS 0x00000000d3c00000, 0x00000000d3c00000| Untracked 
|  43|0x00000000d3d00000, 0x00000000d3d00000, 0x00000000d3e00000|  0%| F|  |TAMS 0x00000000d3d00000, 0x00000000d3d00000| Untracked 
|  44|0x00000000d3e00000, 0x00000000d3e00000, 0x00000000d3f00000|  0%| F|  |TAMS 0x00000000d3e00000, 0x00000000d3e00000| Untracked 
|  45|0x00000000d3f00000, 0x00000000d3f00000, 0x00000000d4000000|  0%| F|  |TAMS 0x00000000d3f00000, 0x00000000d3f00000| Untracked 
|  46|0x00000000d4000000, 0x00000000d4000000, 0x00000000d4100000|  0%| F|  |TAMS 0x00000000d4000000, 0x00000000d4000000| Untracked 
|  47|0x00000000d4100000, 0x00000000d4100000, 0x00000000d4200000|  0%| F|  |TAMS 0x00000000d4100000, 0x00000000d4100000| Untracked 
|  48|0x00000000d4200000, 0x00000000d4200000, 0x00000000d4300000|  0%| F|  |TAMS 0x00000000d4200000, 0x00000000d4200000| Untracked 
|  49|0x00000000d4300000, 0x00000000d4300000, 0x00000000d4400000|  0%| F|  |TAMS 0x00000000d4300000, 0x00000000d4300000| Untracked 
|  50|0x00000000d4400000, 0x00000000d4400000, 0x00000000d4500000|  0%| F|  |TAMS 0x00000000d4400000, 0x00000000d4400000| Untracked 
|  51|0x00000000d4500000, 0x00000000d4500000, 0x00000000d4600000|  0%| F|  |TAMS 0x00000000d4500000, 0x00000000d4500000| Untracked 
|  52|0x00000000d4600000, 0x00000000d4600000, 0x00000000d4700000|  0%| F|  |TAMS 0x00000000d4600000, 0x00000000d4600000| Untracked 
|  53|0x00000000d4700000, 0x00000000d4700000, 0x00000000d4800000|  0%| F|  |TAMS 0x00000000d4700000, 0x00000000d4700000| Untracked 
|  54|0x00000000d4800000, 0x00000000d4800000, 0x00000000d4900000|  0%| F|  |TAMS 0x00000000d4800000, 0x00000000d4800000| Untracked 
|  55|0x00000000d4900000, 0x00000000d4900000, 0x00000000d4a00000|  0%| F|  |TAMS 0x00000000d4900000, 0x00000000d4900000| Untracked 
|  56|0x00000000d4a00000, 0x00000000d4a00000, 0x00000000d4b00000|  0%| F|  |TAMS 0x00000000d4a00000, 0x00000000d4a00000| Untracked 
|  57|0x00000000d4b00000, 0x00000000d4b00000, 0x00000000d4c00000|  0%| F|  |TAMS 0x00000000d4b00000, 0x00000000d4b00000| Untracked 
|  58|0x00000000d4c00000, 0x00000000d4c00000, 0x00000000d4d00000|  0%| F|  |TAMS 0x00000000d4c00000, 0x00000000d4c00000| Untracked 
|  59|0x00000000d4d00000, 0x00000000d4d00000, 0x00000000d4e00000|  0%| F|  |TAMS 0x00000000d4d00000, 0x00000000d4d00000| Untracked 
|  60|0x00000000d4e00000, 0x00000000d4e00000, 0x00000000d4f00000|  0%| F|  |TAMS 0x00000000d4e00000, 0x00000000d4e00000| Untracked 
|  61|0x00000000d4f00000, 0x00000000d4f00000, 0x00000000d5000000|  0%| F|  |TAMS 0x00000000d4f00000, 0x00000000d4f00000| Untracked 
|  62|0x00000000d5000000, 0x00000000d5000000, 0x00000000d5100000|  0%| F|  |TAMS 0x00000000d5000000, 0x00000000d5000000| Untracked 
|  63|0x00000000d5100000, 0x00000000d5100000, 0x00000000d5200000|  0%| F|  |TAMS 0x00000000d5100000, 0x00000000d5100000| Untracked 
|  64|0x00000000d5200000, 0x00000000d5200000, 0x00000000d5300000|  0%| F|  |TAMS 0x00000000d5200000, 0x00000000d5200000| Untracked 
|  65|0x00000000d5300000, 0x00000000d5300000, 0x00000000d5400000|  0%| F|  |TAMS 0x00000000d5300000, 0x00000000d5300000| Untracked 
|  66|0x00000000d5400000, 0x00000000d5400000, 0x00000000d5500000|  0%| F|  |TAMS 0x00000000d5400000, 0x00000000d5400000| Untracked 
|  67|0x00000000d5500000, 0x00000000d5500000, 0x00000000d5600000|  0%| F|  |TAMS 0x00000000d5500000, 0x00000000d5500000| Untracked 
|  68|0x00000000d5600000, 0x00000000d5600000, 0x00000000d5700000|  0%| F|  |TAMS 0x00000000d5600000, 0x00000000d5600000| Untracked 
|  69|0x00000000d5700000, 0x00000000d5700000, 0x00000000d5800000|  0%| F|  |TAMS 0x00000000d5700000, 0x00000000d5700000| Untracked 
|  70|0x00000000d5800000, 0x00000000d5800000, 0x00000000d5900000|  0%| F|  |TAMS 0x00000000d5800000, 0x00000000d5800000| Untracked 
|  71|0x00000000d5900000, 0x00000000d5900000, 0x00000000d5a00000|  0%| F|  |TAMS 0x00000000d5900000, 0x00000000d5900000| Untracked 
|  72|0x00000000d5a00000, 0x00000000d5a00000, 0x00000000d5b00000|  0%| F|  |TAMS 0x00000000d5a00000, 0x00000000d5a00000| Untracked 
|  73|0x00000000d5b00000, 0x00000000d5b00000, 0x00000000d5c00000|  0%| F|  |TAMS 0x00000000d5b00000, 0x00000000d5b00000| Untracked 
|  74|0x00000000d5c00000, 0x00000000d5c00000, 0x00000000d5d00000|  0%| F|  |TAMS 0x00000000d5c00000, 0x00000000d5c00000| Untracked 
|  75|0x00000000d5d00000, 0x00000000d5d00000, 0x00000000d5e00000|  0%| F|  |TAMS 0x00000000d5d00000, 0x00000000d5d00000| Untracked 
|  76|0x00000000d5e00000, 0x00000000d5e00000, 0x00000000d5f00000|  0%| F|  |TAMS 0x00000000d5e00000, 0x00000000d5e00000| Untracked 
|  77|0x00000000d5f00000, 0x00000000d5f00000, 0x00000000d6000000|  0%| F|  |TAMS 0x00000000d5f00000, 0x00000000d5f00000| Untracked 
|  78|0x00000000d6000000, 0x00000000d6000000, 0x00000000d6100000|  0%| F|  |TAMS 0x00000000d6000000, 0x00000000d6000000| Untracked 
|  79|0x00000000d6100000, 0x00000000d6100000, 0x00000000d6200000|  0%| F|  |TAMS 0x00000000d6100000, 0x00000000d6100000| Untracked 
|  80|0x00000000d6200000, 0x00000000d6200000, 0x00000000d6300000|  0%| F|  |TAMS 0x00000000d6200000, 0x00000000d6200000| Untracked 
|  81|0x00000000d6300000, 0x00000000d6300000, 0x00000000d6400000|  0%| F|  |TAMS 0x00000000d6300000, 0x00000000d6300000| Untracked 
|  82|0x00000000d6400000, 0x00000000d6400000, 0x00000000d6500000|  0%| F|  |TAMS 0x00000000d6400000, 0x00000000d6400000| Untracked 
|  83|0x00000000d6500000, 0x00000000d6500000, 0x00000000d6600000|  0%| F|  |TAMS 0x00000000d6500000, 0x00000000d6500000| Untracked 
|  84|0x00000000d6600000, 0x00000000d6600000, 0x00000000d6700000|  0%| F|  |TAMS 0x00000000d6600000, 0x00000000d6600000| Untracked 
|  85|0x00000000d6700000, 0x00000000d6700000, 0x00000000d6800000|  0%| F|  |TAMS 0x00000000d6700000, 0x00000000d6700000| Untracked 
|  86|0x00000000d6800000, 0x00000000d6800000, 0x00000000d6900000|  0%| F|  |TAMS 0x00000000d6800000, 0x00000000d6800000| Untracked 
|  87|0x00000000d6900000, 0x00000000d6900000, 0x00000000d6a00000|  0%| F|  |TAMS 0x00000000d6900000, 0x00000000d6900000| Untracked 
|  88|0x00000000d6a00000, 0x00000000d6a00000, 0x00000000d6b00000|  0%| F|  |TAMS 0x00000000d6a00000, 0x00000000d6a00000| Untracked 
|  89|0x00000000d6b00000, 0x00000000d6b00000, 0x00000000d6c00000|  0%| F|  |TAMS 0x00000000d6b00000, 0x00000000d6b00000| Untracked 
|  90|0x00000000d6c00000, 0x00000000d6c00000, 0x00000000d6d00000|  0%| F|  |TAMS 0x00000000d6c00000, 0x00000000d6c00000| Untracked 
|  91|0x00000000d6d00000, 0x00000000d6d00000, 0x00000000d6e00000|  0%| F|  |TAMS 0x00000000d6d00000, 0x00000000d6d00000| Untracked 
|  92|0x00000000d6e00000, 0x00000000d6e00000, 0x00000000d6f00000|  0%| F|  |TAMS 0x00000000d6e00000, 0x00000000d6e00000| Untracked 
|  93|0x00000000d6f00000, 0x00000000d6f00000, 0x00000000d7000000|  0%| F|  |TAMS 0x00000000d6f00000, 0x00000000d6f00000| Untracked 
|  94|0x00000000d7000000, 0x00000000d7000000, 0x00000000d7100000|  0%| F|  |TAMS 0x00000000d7000000, 0x00000000d7000000| Untracked 
|  95|0x00000000d7100000, 0x00000000d7100000, 0x00000000d7200000|  0%| F|  |TAMS 0x00000000d7100000, 0x00000000d7100000| Untracked 
|  96|0x00000000d7200000, 0x00000000d7200000, 0x00000000d7300000|  0%| F|  |TAMS 0x00000000d7200000, 0x00000000d7200000| Untracked 
|  97|0x00000000d7300000, 0x00000000d7300000, 0x00000000d7400000|  0%| F|  |TAMS 0x00000000d7300000, 0x00000000d7300000| Untracked 
|  98|0x00000000d7400000, 0x00000000d7400000, 0x00000000d7500000|  0%| F|  |TAMS 0x00000000d7400000, 0x00000000d7400000| Untracked 
|  99|0x00000000d7500000, 0x00000000d7500000, 0x00000000d7600000|  0%| F|  |TAMS 0x00000000d7500000, 0x00000000d7500000| Untracked 
| 100|0x00000000d7600000, 0x00000000d7600000, 0x00000000d7700000|  0%| F|  |TAMS 0x00000000d7600000, 0x00000000d7600000| Untracked 
| 101|0x00000000d7700000, 0x00000000d7700000, 0x00000000d7800000|  0%| F|  |TAMS 0x00000000d7700000, 0x00000000d7700000| Untracked 
| 102|0x00000000d7800000, 0x00000000d7800000, 0x00000000d7900000|  0%| F|  |TAMS 0x00000000d7800000, 0x00000000d7800000| Untracked 
| 103|0x00000000d7900000, 0x00000000d7900000, 0x00000000d7a00000|  0%| F|  |TAMS 0x00000000d7900000, 0x00000000d7900000| Untracked 
| 104|0x00000000d7a00000, 0x00000000d7a00000, 0x00000000d7b00000|  0%| F|  |TAMS 0x00000000d7a00000, 0x00000000d7a00000| Untracked 
| 105|0x00000000d7b00000, 0x00000000d7b5b6f8, 0x00000000d7c00000| 35%| E|  |TAMS 0x00000000d7b00000, 0x00000000d7b00000| Complete 
| 106|0x00000000d7c00000, 0x00000000d7d00000, 0x00000000d7d00000|100%| E|CS|TAMS 0x00000000d7c00000, 0x00000000d7c00000| Complete 
| 107|0x00000000d7d00000, 0x00000000d7e00000, 0x00000000d7e00000|100%| E|CS|TAMS 0x00000000d7d00000, 0x00000000d7d00000| Complete 
| 108|0x00000000d7e00000, 0x00000000d7f00000, 0x00000000d7f00000|100%| E|CS|TAMS 0x00000000d7e00000, 0x00000000d7e00000| Complete 
| 109|0x00000000d7f00000, 0x00000000d8000000, 0x00000000d8000000|100%| E|CS|TAMS 0x00000000d7f00000, 0x00000000d7f00000| Complete 
| 110|0x00000000d8000000, 0x00000000d8100000, 0x00000000d8100000|100%| E|CS|TAMS 0x00000000d8000000, 0x00000000d8000000| Complete 
| 111|0x00000000d8100000, 0x00000000d8200000, 0x00000000d8200000|100%| E|CS|TAMS 0x00000000d8100000, 0x00000000d8100000| Complete 
| 112|0x00000000d8200000, 0x00000000d8300000, 0x00000000d8300000|100%| E|CS|TAMS 0x00000000d8200000, 0x00000000d8200000| Complete 
| 113|0x00000000d8300000, 0x00000000d8400000, 0x00000000d8400000|100%| E|CS|TAMS 0x00000000d8300000, 0x00000000d8300000| Complete 
| 114|0x00000000d8400000, 0x00000000d8500000, 0x00000000d8500000|100%| E|CS|TAMS 0x00000000d8400000, 0x00000000d8400000| Complete 
| 115|0x00000000d8500000, 0x00000000d8600000, 0x00000000d8600000|100%| E|CS|TAMS 0x00000000d8500000, 0x00000000d8500000| Complete 
| 116|0x00000000d8600000, 0x00000000d8629220, 0x00000000d8700000| 16%| S|CS|TAMS 0x00000000d8600000, 0x00000000d8600000| Complete 
| 117|0x00000000d8700000, 0x00000000d8800000, 0x00000000d8800000|100%| S|CS|TAMS 0x00000000d8700000, 0x00000000d8700000| Complete 
| 118|0x00000000d8800000, 0x00000000d8900000, 0x00000000d8900000|100%| E|CS|TAMS 0x00000000d8800000, 0x00000000d8800000| Complete 
| 119|0x00000000d8900000, 0x00000000d8a00000, 0x00000000d8a00000|100%| E|CS|TAMS 0x00000000d8900000, 0x00000000d8900000| Complete 
| 120|0x00000000d8a00000, 0x00000000d8b00000, 0x00000000d8b00000|100%| E|CS|TAMS 0x00000000d8a00000, 0x00000000d8a00000| Complete 
| 121|0x00000000d8b00000, 0x00000000d8c00000, 0x00000000d8c00000|100%| E|CS|TAMS 0x00000000d8b00000, 0x00000000d8b00000| Complete 
| 122|0x00000000d8c00000, 0x00000000d8d00000, 0x00000000d8d00000|100%| E|CS|TAMS 0x00000000d8c00000, 0x00000000d8c00000| Complete 
| 123|0x00000000d8d00000, 0x00000000d8e00000, 0x00000000d8e00000|100%| E|CS|TAMS 0x00000000d8d00000, 0x00000000d8d00000| Complete 
| 124|0x00000000d8e00000, 0x00000000d8f00000, 0x00000000d8f00000|100%| E|CS|TAMS 0x00000000d8e00000, 0x00000000d8e00000| Complete 
| 125|0x00000000d8f00000, 0x00000000d9000000, 0x00000000d9000000|100%| E|CS|TAMS 0x00000000d8f00000, 0x00000000d8f00000| Complete 
| 126|0x00000000d9000000, 0x00000000d9100000, 0x00000000d9100000|100%| E|CS|TAMS 0x00000000d9000000, 0x00000000d9000000| Complete 
| 127|0x00000000d9100000, 0x00000000d9200000, 0x00000000d9200000|100%| E|CS|TAMS 0x00000000d9100000, 0x00000000d9100000| Complete 

Card table byte_map: [0x0000016cccf60000,0x0000016ccd0e0000] _byte_map_base: 0x0000016ccc8d7000

Marking Bits (Prev, Next): (CMBitMap*) 0x0000016cba821200, (CMBitMap*) 0x0000016cba821240
 Prev Bits: [0x0000016ccd260000, 0x0000016ccde18000)
 Next Bits: [0x0000016ccde20000, 0x0000016cce9d8000)

Polling page: 0x0000016cb8630000

Metaspace:

Usage:
  Non-class:     16.97 MB used.
      Class:      1.83 MB used.
       Both:     18.80 MB used.

Virtual space:
  Non-class space:       24.00 MB reserved,      17.06 MB ( 71%) committed,  3 nodes.
      Class space:        1.00 GB reserved,       1.94 MB ( <1%) committed,  1 nodes.
             Both:        1.02 GB reserved,      19.00 MB (  2%) committed. 

Chunk freelists:
   Non-Class:  2.38 MB
       Class:  2.01 MB
        Both:  4.40 MB

MaxMetaspaceSize: unlimited
CompressedClassSpaceSize: 1.00 GB
Initial GC threshold: 21.00 MB
Current GC threshold: 21.00 MB
CDS: off
MetaspaceReclaimPolicy: balanced
 - commit_granule_bytes: 65536.
 - commit_granule_words: 8192.
 - virtual_space_node_default_size: 1048576.
 - enlarge_chunks_in_place: 1.
 - new_chunks_are_fully_committed: 0.
 - uncommit_free_chunks: 1.
 - use_allocation_guard: 0.
 - handle_deallocations: 1.


Internal statistics:

num_allocs_failed_limit: 0.
num_arena_births: 328.
num_arena_deaths: 0.
num_vsnodes_births: 4.
num_vsnodes_deaths: 0.
num_space_committed: 304.
num_space_uncommitted: 0.
num_chunks_returned_to_freelist: 0.
num_chunks_taken_from_freelist: 647.
num_chunk_merges: 0.
num_chunk_splits: 355.
num_chunks_enlarged: 155.
num_purges: 0.
num_inconsistent_stats: 0.

CodeHeap 'non-profiled nmethods': size=120000Kb used=825Kb max_used=825Kb free=119174Kb
 bounds [0x0000016cc5a30000, 0x0000016cc5ca0000, 0x0000016cccf60000]
CodeHeap 'profiled nmethods': size=120000Kb used=4305Kb max_used=4305Kb free=115694Kb
 bounds [0x0000016cbe500000, 0x0000016cbe940000, 0x0000016cc5a30000]
CodeHeap 'non-nmethods': size=5760Kb used=1234Kb max_used=1280Kb free=4525Kb
 bounds [0x0000016cbdf60000, 0x0000016cbe1d0000, 0x0000016cbe500000]
 total_blobs=2675 nmethods=2123 adapters=465
 compilation: enabled
              stopped_count=0, restarted_count=0
 full_count=0

Compilation events (20 events):
Event: 1727.186 Thread 0x0000016cd1c247d0 nmethod 2115 0x0000016cbe92cb90 code [0x0000016cbe92cd20, 0x0000016cbe92ce38]
Event: 1733.482 Thread 0x0000016cd1008610 2116       4       sun.nio.ch.NioSocketImpl::ensureOpenAndConnected (36 bytes)
Event: 1733.484 Thread 0x0000016cd1008610 nmethod 2116 0x0000016cc5af9290 code [0x0000016cc5af9400, 0x0000016cc5af9498]
Event: 1736.189 Thread 0x0000016cd1c247d0 2117       3       java.util.concurrent.locks.AbstractQueuedSynchronizer$Node::getAndUnsetStatus (14 bytes)
Event: 1736.190 Thread 0x0000016cd1c247d0 nmethod 2117 0x0000016cbe92cf10 code [0x0000016cbe92d0c0, 0x0000016cbe92d3a8]
Event: 1736.190 Thread 0x0000016cd1c247d0 2118       3       java.util.concurrent.locks.AbstractQueuedSynchronizer$ConditionObject::unlinkCancelledWaiters (91 bytes)
Event: 1736.191 Thread 0x0000016cd1c247d0 nmethod 2118 0x0000016cbe92d510 code [0x0000016cbe92d6e0, 0x0000016cbe92db98]
Event: 1742.487 Thread 0x0000016cd1c247d0 2119       3       java.io.ObjectOutputStream::writeProxyDesc (136 bytes)
Event: 1742.493 Thread 0x0000016cd1c247d0 nmethod 2119 0x0000016cbe92dd10 code [0x0000016cbe92e180, 0x0000016cbe92ff78]
Event: 1742.493 Thread 0x0000016cd1c247d0 2120  s    3       sun.rmi.transport.DGCAckHandler::startTimer (41 bytes)
Event: 1742.493 Thread 0x0000016cd1c247d0 nmethod 2120 0x0000016cbe930b10 code [0x0000016cbe930ce0, 0x0000016cbe931148]
Event: 1742.511 Thread 0x0000016cd1c247d0 2121   !   3       java.lang.ref.ReferenceQueue::remove (125 bytes)
Event: 1742.538 Thread 0x0000016cd1c247d0 nmethod 2121 0x0000016cbe931290 code [0x0000016cbe9314a0, 0x0000016cbe931c38]
Event: 1868.540 Thread 0x0000016cd1008610 2122       4       java.io.ClassCache::get (56 bytes)
Event: 1868.590 Thread 0x0000016cd1008610 nmethod 2122 0x0000016cc5af9590 code [0x0000016cc5af9740, 0x0000016cc5afa038]
Event: 1958.573 Thread 0x0000016cd1008610 2123  s    4       java.io.BufferedOutputStream::flush (12 bytes)
Event: 1958.667 Thread 0x0000016cd1008610 nmethod 2123 0x0000016cc5afa490 code [0x0000016cc5afa760, 0x0000016cc5afc768]
Event: 1982.366 Thread 0x0000016cd1c247d0 2124   !   3       java.io.ObjectOutputStream::writeArray (589 bytes)
Event: 1982.371 Thread 0x0000016cd1c247d0 nmethod 2124 0x0000016cbe931f90 code [0x0000016cbe9323e0, 0x0000016cbe933d78]
Event: 2138.667 Thread 0x0000016cd1008610 2125   !   4       java.io.ObjectOutputStream::writeObject0 (620 bytes)

GC Heap History (4 events):
Event: 5.759 GC heap before
{Heap before GC invocations=0 (full 0):
 garbage-first heap   total 131072K, used 15360K [0x00000000d1200000, 0x0000000100000000)
  region size 1024K, 13 young (13312K), 0 survivors (0K)
 Metaspace       used 15611K, committed 15808K, reserved 1064960K
  class space    used 1598K, committed 1728K, reserved 1048576K
}
Event: 5.771 GC heap after
{Heap after GC invocations=1 (full 0):
 garbage-first heap   total 131072K, used 6877K [0x00000000d1200000, 0x0000000100000000)
  region size 1024K, 2 young (2048K), 2 survivors (2048K)
 Metaspace       used 15611K, committed 15808K, reserved 1064960K
  class space    used 1598K, committed 1728K, reserved 1048576K
}
Event: 66.999 GC heap before
{Heap before GC invocations=1 (full 0):
 garbage-first heap   total 131072K, used 17117K [0x00000000d1200000, 0x0000000100000000)
  region size 1024K, 12 young (12288K), 2 survivors (2048K)
 Metaspace       used 18358K, committed 18560K, reserved 1073152K
  class space    used 1811K, committed 1920K, reserved 1048576K
}
Event: 67.014 GC heap after
{Heap after GC invocations=2 (full 0):
 garbage-first heap   total 131072K, used 8085K [0x00000000d1200000, 0x0000000100000000)
  region size 1024K, 2 young (2048K), 2 survivors (2048K)
 Metaspace       used 18358K, committed 18560K, reserved 1073152K
  class space    used 1811K, committed 1920K, reserved 1048576K
}

Dll operation events (1 events):
Event: 0.306 Loaded shared library D:\IntelliJ IDEA 2022.3.2 Ultimate edition\jbr\bin\java.dll

Deoptimization events (20 events):
Event: 871.483 Thread 0x0000016cd218d8f0 Uncommon trap: trap_request=0xffffff45 fr.pc=0x0000016cc5a838d0 relative=0x0000000000000430
Event: 871.483 Thread 0x0000016cd218d8f0 Uncommon trap: reason=unstable_if action=reinterpret pc=0x0000016cc5a838d0 method=java.lang.AbstractStringBuilder.append(C)Ljava/lang/AbstractStringBuilder; @ 14 c2
Event: 871.483 Thread 0x0000016cd218d8f0 DEOPT PACKING pc=0x0000016cc5a838d0 sp=0x0000001ddd4fd4c0
Event: 871.483 Thread 0x0000016cd218d8f0 DEOPT UNPACKING pc=0x0000016cbdfb23a3 sp=0x0000001ddd4fd4a0 mode 2
Event: 871.483 Thread 0x0000016cd218d8f0 Uncommon trap: trap_request=0xffffff45 fr.pc=0x0000016cc5a3fbb8 relative=0x0000000000000038
Event: 871.483 Thread 0x0000016cd218d8f0 Uncommon trap: reason=unstable_if action=reinterpret pc=0x0000016cc5a3fbb8 method=java.lang.StringLatin1.canEncode(I)Z @ 4 c2
Event: 871.483 Thread 0x0000016cd218d8f0 DEOPT PACKING pc=0x0000016cc5a3fbb8 sp=0x0000001ddd4fd350
Event: 871.484 Thread 0x0000016cd218d8f0 DEOPT UNPACKING pc=0x0000016cbdfb23a3 sp=0x0000001ddd4fd2e0 mode 2
Event: 871.499 Thread 0x0000016cd218d8f0 Uncommon trap: trap_request=0xffffffbe fr.pc=0x0000016cc5aabcb0 relative=0x0000000000000ad0
Event: 871.499 Thread 0x0000016cd218d8f0 Uncommon trap: reason=profile_predicate action=maybe_recompile pc=0x0000016cc5aabcb0 method=java.io.ObjectOutputStream$BlockDataOutputStream.getUTFLength(Ljava/lang/String;)J @ 13 c2
Event: 871.499 Thread 0x0000016cd218d8f0 DEOPT PACKING pc=0x0000016cc5aabcb0 sp=0x0000001ddd4fd590
Event: 871.499 Thread 0x0000016cd218d8f0 DEOPT UNPACKING pc=0x0000016cbdfb23a3 sp=0x0000001ddd4fd560 mode 2
Event: 871.500 Thread 0x0000016cd218d8f0 DEOPT PACKING pc=0x0000016cbe5aea3a sp=0x0000001ddd4fcde0
Event: 871.500 Thread 0x0000016cd218d8f0 DEOPT UNPACKING pc=0x0000016cbdfb2b43 sp=0x0000001ddd4fc258 mode 0
Event: 871.504 Thread 0x0000016cd218d8f0 DEOPT PACKING pc=0x0000016cbe81e3b4 sp=0x0000001ddd4fea10
Event: 871.504 Thread 0x0000016cd218d8f0 DEOPT UNPACKING pc=0x0000016cbdfb2b43 sp=0x0000001ddd4fe010 mode 0
Event: 923.045 Thread 0x0000016cd218d8f0 DEOPT PACKING pc=0x0000016cbe8371d4 sp=0x0000001ddd4fd930
Event: 923.046 Thread 0x0000016cd218d8f0 DEOPT UNPACKING pc=0x0000016cbdfb2b43 sp=0x0000001ddd4fcdb8 mode 0
Event: 1382.573 Thread 0x0000016cd218d8f0 DEOPT PACKING pc=0x0000016cbe762d6e sp=0x0000001ddd4fd490
Event: 1382.574 Thread 0x0000016cd218d8f0 DEOPT UNPACKING pc=0x0000016cbdfb2b43 sp=0x0000001ddd4fc8e8 mode 0

Classes unloaded (0 events):
No events

Classes redefined (0 events):
No events

Internal exceptions (20 events):
Event: 4.860 Thread 0x0000016cd218ca80 Exception <a 'java/lang/InterruptedException'{0x00000000d89ca3b8}> (0x00000000d89ca3b8) 
thrown [s\src\hotspot\share\runtime\objectMonitor.cpp, line 1648]
Event: 4.865 Thread 0x0000016cd218ca80 Exception <a 'java/lang/NoSuchMethodError'{0x00000000d89d2b58}: 'java.lang.Object java.lang.invoke.DirectMethodHandle$Holder.newInvokeSpecial(java.lang.Object, java.lang.Object, int, java.lang.Object, long)'> (0x00000000d89d2b58) 
thrown [s\src\hotspot\share\interpreter\linkResolver.cpp, line 771]
Event: 5.253 Thread 0x0000016cd218d420 Exception <a 'java/lang/NoSuchMethodError'{0x00000000d87b6e48}: 'java.lang.Object java.lang.invoke.DirectMethodHandle$Holder.invokeVirtual(java.lang.Object, java.lang.Object, java.lang.Object, java.lang.Object)'> (0x00000000d87b6e48) 
thrown [s\src\hotspot\share\interpreter\linkResolver.cpp, line 771]
Event: 5.256 Thread 0x0000016cd218d420 Exception <a 'java/lang/NoSuchMethodError'{0x00000000d87bf740}: 'void java.lang.invoke.DirectMethodHandle$Holder.invokeStatic(java.lang.Object, java.lang.Object, java.lang.Object, java.lang.Object)'> (0x00000000d87bf740) 
thrown [s\src\hotspot\share\interpreter\linkResolver.cpp, line 771]
Event: 5.289 Thread 0x0000016cd218d420 Exception <a 'java/lang/NoSuchMethodError'{0x00000000d8630a78}: 'int java.lang.invoke.DirectMethodHandle$Holder.invokeStaticInit(java.lang.Object, java.lang.Object, java.lang.Object, java.lang.Object)'> (0x00000000d8630a78) 
thrown [s\src\hotspot\share\interpreter\linkResolver.cpp, line 771]
Event: 5.291 Thread 0x0000016cd218d420 Exception <a 'java/lang/NoSuchMethodError'{0x00000000d863a1a0}: 'java.lang.Object java.lang.invoke.DirectMethodHandle$Holder.invokeInterface(java.lang.Object, java.lang.Object)'> (0x00000000d863a1a0) 
thrown [s\src\hotspot\share\interpreter\linkResolver.cpp, line 771]
Event: 5.292 Thread 0x0000016cd218d420 Exception <a 'java/lang/IncompatibleClassChangeError'{0x00000000d863da38}: Found class java.lang.Object, but interface was expected> (0x00000000d863da38) 
thrown [s\src\hotspot\share\interpreter\linkResolver.cpp, line 838]
Event: 5.293 Thread 0x0000016cd218d420 Exception <a 'java/lang/NoSuchMethodError'{0x00000000d8640930}: 'void java.lang.invoke.DirectMethodHandle$Holder.invokeStaticInit(java.lang.Object, java.lang.Object)'> (0x00000000d8640930) 
thrown [s\src\hotspot\share\interpreter\linkResolver.cpp, line 771]
Event: 5.296 Thread 0x0000016cd218d420 Exception <a 'java/lang/NoSuchMethodError'{0x00000000d8646c48}: 'int java.lang.invoke.DirectMethodHandle$Holder.invokeStaticInit(java.lang.Object, java.lang.Object)'> (0x00000000d8646c48) 
thrown [s\src\hotspot\share\interpreter\linkResolver.cpp, line 771]
Event: 5.629 Thread 0x0000016cd218d420 Exception <a 'java/lang/NoSuchMethodError'{0x00000000d8517690}: 'int java.lang.invoke.DirectMethodHandle$Holder.invokeSpecial(java.lang.Object, java.lang.Object, java.lang.Object)'> (0x00000000d8517690) 
thrown [s\src\hotspot\share\interpreter\linkResolver.cpp, line 771]
Event: 6.094 Thread 0x0000016cd218d420 Exception <a 'java/lang/NoSuchMethodError'{0x00000000d8f2d4b8}: 'java.lang.Object java.lang.invoke.DirectMethodHandle$Holder.invokeStaticInit(java.lang.Object, java.lang.Object, java.lang.Object)'> (0x00000000d8f2d4b8) 
thrown [s\src\hotspot\share\interpreter\linkResolver.cpp, line 771]
Event: 6.120 Thread 0x0000016cd218d420 Exception <a 'java/lang/NoSuchMethodError'{0x00000000d8f897b8}: 'java.lang.Object java.lang.invoke.DirectMethodHandle$Holder.newInvokeSpecial(java.lang.Object, java.lang.Object, int)'> (0x00000000d8f897b8) 
thrown [s\src\hotspot\share\interpreter\linkResolver.cpp, line 771]
Event: 6.122 Thread 0x0000016cd218d420 Exception <a 'java/lang/NoSuchMethodError'{0x00000000d8f8e010}: 'void java.lang.invoke.DirectMethodHandle$Holder.invokeStatic(java.lang.Object, java.lang.Object, java.lang.Object)'> (0x00000000d8f8e010) 
thrown [s\src\hotspot\share\interpreter\linkResolver.cpp, line 771]
Event: 7.293 Thread 0x0000016cd218d420 Exception <a 'java/lang/NoSuchMethodError'{0x00000000d8ad7d48}: static [Ljava/lang/Object;.<clinit>()V> (0x00000000d8ad7d48) 
thrown [s\src\hotspot\share\prims\jni.cpp, line 1108]
Event: 7.592 Thread 0x0000016cd218d420 Exception <a 'java/lang/NoSuchMethodError'{0x00000000d898e8a0}: static Lcom/intellij/database/remote/jdbc/RemoteResultSet$DataRetrievingOptions;.<clinit>()V> (0x00000000d898e8a0) 
thrown [s\src\hotspot\share\prims\jni.cpp, line 1108]
Event: 58.803 Thread 0x0000016cd218d420 Exception <a 'java/lang/NoSuchMethodError'{0x00000000d884fe00}: 'void java.lang.invoke.DirectMethodHandle$Holder.invokeSpecial(java.lang.Object, java.lang.Object, java.lang.Object)'> (0x00000000d884fe00) 
thrown [s\src\hotspot\share\interpreter\linkResolver.cpp, line 771]
Event: 304.822 Thread 0x0000016cd218ca80 Implicit null exception at 0x0000016cc5ab49e0 to 0x0000016cc5ab4a98
Event: 871.379 Thread 0x0000016cd218d8f0 Exception <a 'java/lang/NoSuchMethodError'{0x00000000d85ee818}: static Lcom/intellij/database/remote/jdbc/ColumnInfo;.<clinit>()V> (0x00000000d85ee818) 
thrown [s\src\hotspot\share\prims\jni.cpp, line 1108]
Event: 871.492 Thread 0x0000016cd218d8f0 Exception <a 'java/lang/reflect/InvocationTargetException'{0x00000000d8446618}> (0x00000000d8446618) 
thrown [s\src\hotspot\share\runtime\reflection.cpp, line 1127]
Event: 871.500 Thread 0x0000016cd218d8f0 Exception <a 'java/lang/NoSuchMethodError'{0x00000000d8468d20}: static [Ljava/lang/StackTraceElement;.<clinit>()V> (0x00000000d8468d20) 
thrown [s\src\hotspot\share\prims\jni.cpp, line 1108]

VM Operations (20 events):
Event: 1138.750 Executing VM operation: Cleanup
Event: 1138.750 Executing VM operation: Cleanup done
Event: 1220.823 Executing VM operation: Cleanup
Event: 1220.823 Executing VM operation: Cleanup done
Event: 1223.837 Executing VM operation: Cleanup
Event: 1223.837 Executing VM operation: Cleanup done
Event: 1383.060 Executing VM operation: Cleanup
Event: 1383.060 Executing VM operation: Cleanup done
Event: 1410.088 Executing VM operation: Cleanup
Event: 1410.088 Executing VM operation: Cleanup done
Event: 1419.093 Executing VM operation: Cleanup
Event: 1419.093 Executing VM operation: Cleanup done
Event: 1683.257 Executing VM operation: Cleanup
Event: 1683.257 Executing VM operation: Cleanup done
Event: 1698.265 Executing VM operation: Cleanup
Event: 1698.265 Executing VM operation: Cleanup done
Event: 1700.267 Executing VM operation: Cleanup
Event: 1700.267 Executing VM operation: Cleanup done
Event: 1968.420 Executing VM operation: Cleanup
Event: 1968.420 Executing VM operation: Cleanup done

Events (20 events):
Event: 1166.809 Thread 0x0000016cd22c7870 Thread exited: 0x0000016cd22c7870
Event: 1382.501 Thread 0x0000016cd22ca3c0 Thread added: 0x0000016cd22ca3c0
Event: 1392.982 Thread 0x0000016cd22c8210 Thread added: 0x0000016cd22c8210
Event: 1392.983 Thread 0x0000016cd22c8bb0 Thread added: 0x0000016cd22c8bb0
Event: 1392.983 Thread 0x0000016cd22c7d40 Thread added: 0x0000016cd22c7d40
Event: 1392.983 Thread 0x0000016cd22cbbd0 Thread added: 0x0000016cd22cbbd0
Event: 1392.984 Thread 0x0000016cd22c86e0 Thread added: 0x0000016cd22c86e0
Event: 1392.984 Thread 0x0000016cd22c7870 Thread added: 0x0000016cd22c7870
Event: 1392.985 Thread 0x0000016cd22cc0a0 Thread added: 0x0000016cd22cc0a0
Event: 1393.054 Thread 0x0000016cd22c8210 Thread exited: 0x0000016cd22c8210
Event: 1393.055 Thread 0x0000016cd22c8bb0 Thread exited: 0x0000016cd22c8bb0
Event: 1393.056 Thread 0x0000016cd22c7d40 Thread exited: 0x0000016cd22c7d40
Event: 1393.056 Thread 0x0000016cd22c86e0 Thread exited: 0x0000016cd22c86e0
Event: 1393.057 Thread 0x0000016cd22cc0a0 Thread exited: 0x0000016cd22cc0a0
Event: 1393.058 Thread 0x0000016cd22cbbd0 Thread exited: 0x0000016cd22cbbd0
Event: 1393.059 Thread 0x0000016cd22c7870 Thread exited: 0x0000016cd22c7870
Event: 1542.496 Thread 0x0000016cd22cc0a0 Thread added: 0x0000016cd22cc0a0
Event: 1544.114 Thread 0x0000016cd22cc0a0 Thread exited: 0x0000016cd22cc0a0
Event: 1587.298 Thread 0x0000016cd22cad60 Thread added: 0x0000016cd22cad60
Event: 1588.299 Thread 0x0000016cd22cad60 Thread exited: 0x0000016cd22cad60


Dynamic libraries:
0x00007ff7bbcb0000 - 0x00007ff7bbcba000 	D:\IntelliJ IDEA 2022.3.2 Ultimate edition\jbr\bin\java.exe
0x00007ffaf5510000 - 0x00007ffaf5708000 	C:\WINDOWS\SYSTEM32\ntdll.dll
0x00007ffaf5020000 - 0x00007ffaf50dd000 	C:\WINDOWS\System32\KERNEL32.DLL
0x00007ffaf2c40000 - 0x00007ffaf2f36000 	C:\WINDOWS\System32\KERNELBASE.dll
0x00007ffaf2f40000 - 0x00007ffaf3040000 	C:\WINDOWS\System32\ucrtbase.dll
0x00007ffae1850000 - 0x00007ffae186b000 	D:\IntelliJ IDEA 2022.3.2 Ultimate edition\jbr\bin\VCRUNTIME140.dll
0x00007ffae18a0000 - 0x00007ffae18b7000 	D:\IntelliJ IDEA 2022.3.2 Ultimate edition\jbr\bin\jli.dll
0x00007ffaf3cd0000 - 0x00007ffaf3e6e000 	C:\WINDOWS\System32\USER32.dll
0x00007ffaf3540000 - 0x00007ffaf3562000 	C:\WINDOWS\System32\win32u.dll
0x00007ffaf36f0000 - 0x00007ffaf371c000 	C:\WINDOWS\System32\GDI32.dll
0x00007ffaf3420000 - 0x00007ffaf353a000 	C:\WINDOWS\System32\gdi32full.dll
0x00007ffaf32f0000 - 0x00007ffaf338d000 	C:\WINDOWS\System32\msvcp_win.dll
0x00007ffae0e00000 - 0x00007ffae109a000 	C:\WINDOWS\WinSxS\amd64_microsoft.windows.common-controls_6595b64144ccf1df_6.0.19041.3636_none_60b6a03d71f818d5\COMCTL32.dll
0x00007ffaf50e0000 - 0x00007ffaf517e000 	C:\WINDOWS\System32\msvcrt.dll
0x00007ffaf5340000 - 0x00007ffaf5370000 	C:\WINDOWS\System32\IMM32.DLL
0x00007ffae1820000 - 0x00007ffae182c000 	D:\IntelliJ IDEA 2022.3.2 Ultimate edition\jbr\bin\vcruntime140_1.dll
0x00007ffabf670000 - 0x00007ffabf6fd000 	D:\IntelliJ IDEA 2022.3.2 Ultimate edition\jbr\bin\msvcp140.dll
0x00007ffa94700000 - 0x00007ffa9536b000 	D:\IntelliJ IDEA 2022.3.2 Ultimate edition\jbr\bin\server\jvm.dll
0x00007ffaf5370000 - 0x00007ffaf541f000 	C:\WINDOWS\System32\ADVAPI32.dll
0x00007ffaf3650000 - 0x00007ffaf36ec000 	C:\WINDOWS\System32\sechost.dll
0x00007ffaf4b40000 - 0x00007ffaf4c66000 	C:\WINDOWS\System32\RPCRT4.dll
0x00007ffad5620000 - 0x00007ffad5629000 	C:\WINDOWS\SYSTEM32\WSOCK32.dll
0x00007ffaf4a60000 - 0x00007ffaf4acb000 	C:\WINDOWS\System32\WS2_32.dll
0x00007ffaefb90000 - 0x00007ffaefbb7000 	C:\WINDOWS\SYSTEM32\WINMM.dll
0x00007ffaead50000 - 0x00007ffaead5a000 	C:\WINDOWS\SYSTEM32\VERSION.dll
0x00007ffaf1430000 - 0x00007ffaf1442000 	C:\WINDOWS\SYSTEM32\kernel.appcore.dll
0x00007ffaec4c0000 - 0x00007ffaec4ca000 	D:\IntelliJ IDEA 2022.3.2 Ultimate edition\jbr\bin\jimage.dll
0x00007ffaf1120000 - 0x00007ffaf1304000 	C:\WINDOWS\SYSTEM32\DBGHELP.DLL
0x00007ffadfd40000 - 0x00007ffadfd74000 	C:\WINDOWS\SYSTEM32\dbgcore.DLL
0x00007ffaf3390000 - 0x00007ffaf3412000 	C:\WINDOWS\System32\bcryptPrimitives.dll
0x00007ffae1a80000 - 0x00007ffae1aa5000 	D:\IntelliJ IDEA 2022.3.2 Ultimate edition\jbr\bin\java.dll
0x00007ffae31a0000 - 0x00007ffae31b8000 	D:\IntelliJ IDEA 2022.3.2 Ultimate edition\jbr\bin\zip.dll
0x00007ffaf4310000 - 0x00007ffaf4a55000 	C:\WINDOWS\System32\SHELL32.dll
0x00007ffaf0980000 - 0x00007ffaf111b000 	C:\WINDOWS\SYSTEM32\windows.storage.dll
0x00007ffaf3720000 - 0x00007ffaf3a74000 	C:\WINDOWS\System32\combase.dll
0x00007ffaf2480000 - 0x00007ffaf24ad000 	C:\WINDOWS\SYSTEM32\Wldp.dll
0x00007ffaf5420000 - 0x00007ffaf54cd000 	C:\WINDOWS\System32\SHCORE.dll
0x00007ffaf52e0000 - 0x00007ffaf5335000 	C:\WINDOWS\System32\shlwapi.dll
0x00007ffaf2b20000 - 0x00007ffaf2b45000 	C:\WINDOWS\SYSTEM32\profapi.dll
0x00007ffae1a60000 - 0x00007ffae1a79000 	D:\IntelliJ IDEA 2022.3.2 Ultimate edition\jbr\bin\net.dll
0x00007ffae8610000 - 0x00007ffae871a000 	C:\WINDOWS\SYSTEM32\WINHTTP.dll
0x00007ffaf2260000 - 0x00007ffaf22ca000 	C:\WINDOWS\system32\mswsock.dll
0x00007ffae1a40000 - 0x00007ffae1a56000 	D:\IntelliJ IDEA 2022.3.2 Ultimate edition\jbr\bin\nio.dll
0x00007ffabb610000 - 0x00007ffabb7a3000 	D:\IntelliJ IDEA 2022.3.2 Ultimate edition\jbr\bin\awt.dll
0x00007ffaf5210000 - 0x00007ffaf52dd000 	C:\WINDOWS\System32\OLEAUT32.dll
0x00007ffaf03f0000 - 0x00007ffaf041f000 	C:\WINDOWS\SYSTEM32\dwmapi.dll
0x00007ffaefc60000 - 0x00007ffaefcf0000 	C:\WINDOWS\SYSTEM32\apphelp.dll
0x00007ffaf0180000 - 0x00007ffaf021e000 	C:\WINDOWS\system32\uxtheme.dll
0x00007ffaf3bb0000 - 0x00007ffaf3cc4000 	C:\WINDOWS\System32\MSCTF.dll
0x00007ffaf3a80000 - 0x00007ffaf3bab000 	C:\WINDOWS\System32\ole32.dll
0x00007ffaf1f70000 - 0x00007ffaf1fab000 	C:\WINDOWS\SYSTEM32\IPHLPAPI.DLL
0x00007ffaf3e70000 - 0x00007ffaf3e78000 	C:\WINDOWS\System32\NSI.dll
0x00007ffaeab10000 - 0x00007ffaeab27000 	C:\WINDOWS\SYSTEM32\dhcpcsvc6.DLL
0x00007ffaea7b0000 - 0x00007ffaea7cd000 	C:\WINDOWS\SYSTEM32\dhcpcsvc.DLL
0x00007ffaf1fb0000 - 0x00007ffaf207a000 	C:\WINDOWS\SYSTEM32\DNSAPI.dll
0x00007ffaf24c0000 - 0x00007ffaf24d8000 	C:\WINDOWS\SYSTEM32\CRYPTSP.dll
0x00007ffaf1bb0000 - 0x00007ffaf1be4000 	C:\WINDOWS\system32\rsaenh.dll
0x00007ffaf3210000 - 0x00007ffaf3237000 	C:\WINDOWS\System32\bcrypt.dll
0x00007ffaf2ae0000 - 0x00007ffaf2b0e000 	C:\WINDOWS\SYSTEM32\USERENV.dll
0x00007ffaf23f0000 - 0x00007ffaf23fc000 	C:\WINDOWS\SYSTEM32\CRYPTBASE.dll
0x00007ffae18e0000 - 0x00007ffae18e7000 	D:\IntelliJ IDEA 2022.3.2 Ultimate edition\jbr\bin\rmi.dll
0x00007ffae0140000 - 0x00007ffae014a000 	C:\Windows\System32\rasadhlp.dll
0x00007ffae3010000 - 0x00007ffae3090000 	C:\WINDOWS\System32\fwpuclnt.dll
0x00007ffaeabe0000 - 0x00007ffaeabe9000 	D:\IntelliJ IDEA 2022.3.2 Ultimate edition\jbr\bin\management.dll
0x00007ffae8160000 - 0x00007ffae816b000 	D:\IntelliJ IDEA 2022.3.2 Ultimate edition\jbr\bin\management_ext.dll
0x00007ffaf5200000 - 0x00007ffaf5208000 	C:\WINDOWS\System32\PSAPI.DLL

dbghelp: loaded successfully - version: 4.0.5 - missing functions: none
symbol engine: initialized successfully - sym options: 0x614 - pdb path: .;D:\IntelliJ IDEA 2022.3.2 Ultimate edition\jbr\bin;C:\WINDOWS\SYSTEM32;C:\WINDOWS\WinSxS\amd64_microsoft.windows.common-controls_6595b64144ccf1df_6.0.19041.3636_none_60b6a03d71f818d5;D:\IntelliJ IDEA 2022.3.2 Ultimate edition\jbr\bin\server

VM Arguments:
jvm_args: -Dawt.toolkit=com.intellij.desktop.DesktopActionsToolkit -Djava.rmi.server.hostname=127.0.0.1 -Duser.timezone=UTC -Xmx750m -Xms128m --add-exports=java.desktop/sun.awt=ALL-UNNAMED --add-exports=java.desktop/java.awt.peer=ALL-UNNAMED --add-opens=java.desktop/java.awt=ALL-UNNAMED --add-opens=jdk.unsupported/sun.misc=ALL-UNNAMED --add-opens=java.base/java.nio=ALL-UNNAMED --add-opens=java.base/java.util=ALL-UNNAMED -Dfile.encoding=UTF-8 
java_command: com.intellij.database.remote.RemoteJdbcServer org.postgresql.Driver
java_class_path (initial): D:\IntelliJ IDEA 2022.3.2 Ultimate edition\lib\util_rt.jar;D:\IntelliJ IDEA 2022.3.2 Ultimate edition\lib\3rd-party-rt.jar;D:\IntelliJ IDEA 2022.3.2 Ultimate edition\lib\groovy.jar;D:\IntelliJ IDEA 2022.3.2 Ultimate edition\plugins\DatabaseTools\lib\jdbc-console.jar;D:\IntelliJ IDEA 2022.3.2 Ultimate edition\plugins\grid-core-impl\lib\jdbc-console-types.jar;C:\Users\User\AppData\Roaming\JetBrains\IntelliJIdea2022.3\jdbc-drivers\PostgreSQL\42.6.0\org\postgresql\postgresql\42.6.0\postgresql-42.6.0.jar;C:\Users\User\AppData\Roaming\JetBrains\IntelliJIdea2022.3\jdbc-drivers\PostgreSQL\42.6.0\org\checkerframework\checker-qual\3.31.0\checker-qual-3.31.0.jar;C:\Users\User\AppData\Roaming\JetBrains\IntelliJIdea2022.3\jdbc-drivers\PostgreSQL\42.6.0\com\github\waffle\waffle-jna\1.9.1\waffle-jna-1.9.1.jar;C:\Users\User\AppData\Roaming\JetBrains\IntelliJIdea2022.3\jdbc-drivers\PostgreSQL\42.6.0\net\java\dev\jna\jna\4.5.1\jna-4.5.1.jar;C:\Users\User\AppData\Roaming\JetBrains\IntelliJIdea2022.3\jdbc-drivers\PostgreSQL\42.6.0\net\java\dev\jna\jna-platform\4.5.1\jna-platform-4.5.1.jar;C:\Users\User\AppData\Roaming\JetBrains\IntelliJIdea2022.3\jdbc-drivers\PostgreSQL\42.6.0\org\slf4j\jcl-over-slf4j\1.7.25\jcl-over-slf4j-1.7.25.jar;C:\Users\User\AppData\Roaming\JetBrains\IntelliJIdea2022.3\jdbc-drivers\PostgreSQL\42.6.0\org\slf4j\slf4j-api\1.7.25\slf4j-api-1.7.25.jar;C:\Users\User\AppData\Roaming\JetBrains\IntelliJIdea2022.3\jdbc-drivers\PostgreSQL\42.6.0\com\github\ben-manes\caffeine\caffeine\2.6.2\caffeine-2.6.2.jar
Launcher Type: SUN_STANDARD

[Global flags]
     intx CICompilerCount                          = 3                                         {product} {ergonomic}
     uint ConcGCThreads                            = 1                                         {product} {ergonomic}
     uint G1ConcRefinementThreads                  = 4                                         {product} {ergonomic}
   size_t G1HeapRegionSize                         = 1048576                                   {product} {ergonomic}
    uintx GCDrainStackTargetSize                   = 64                                        {product} {ergonomic}
   size_t InitialHeapSize                          = 134217728                                 {product} {command line}
   size_t MarkStackSize                            = 4194304                                   {product} {ergonomic}
   size_t MaxHeapSize                              = 786432000                                 {product} {command line}
   size_t MaxNewSize                               = 471859200                                 {product} {ergonomic}
   size_t MinHeapDeltaBytes                        = 1048576                                   {product} {ergonomic}
   size_t MinHeapSize                              = 134217728                                 {product} {command line}
    uintx NonNMethodCodeHeapSize                   = 5832780                                {pd product} {ergonomic}
    uintx NonProfiledCodeHeapSize                  = 122912730                              {pd product} {ergonomic}
    uintx ProfiledCodeHeapSize                     = 122912730                              {pd product} {ergonomic}
    uintx ReservedCodeCacheSize                    = 251658240                              {pd product} {ergonomic}
     bool SegmentedCodeCache                       = true                                      {product} {ergonomic}
   size_t SoftMaxHeapSize                          = 786432000                              {manageable} {ergonomic}
     bool UseCompressedClassPointers               = true                           {product lp64_product} {ergonomic}
     bool UseCompressedOops                        = true                           {product lp64_product} {ergonomic}
     bool UseG1GC                                  = true                                      {product} {ergonomic}
     bool UseLargePagesIndividualAllocation        = false                                  {pd product} {ergonomic}

Logging:
Log output configuration:
 #0: stdout all=warning uptime,level,tags
 #1: stderr all=off uptime,level,tags

Environment Variables:
JAVA_HOME=D:\Soft\JDK\JDK 17
PATH=C:\Windows\system32;C:\Windows;C:\Windows\System32\Wbem;C:\Windows\System32\WindowsPowerShell\v1.0\;C:\Windows\System32\OpenSSH\;C:\Program Files (x86)\NVIDIA Corporation\PhysX\Common;C:\WINDOWS\system32;C:\WINDOWS;C:\WINDOWS\System32\Wbem;C:\WINDOWS\System32\WindowsPowerShell\v1.0\;C:\WINDOWS\System32\OpenSSH\;D:\Git\cmd;C:\Program Files\Docker\Docker\resources\bin;D:\Soft\JDK\JDK 17\bin;C:\Program Files\Maven\apache-maven-3.9.2\bin;C:\Program Files\MySQL\MySQL Server 8.0\bin;D:\Soft\node-v16.17.1-win-x64;D:\Soft\PostgreSQL\bin;C:\Users\User\AppData\Local\Microsoft\WindowsApps
USERNAME=User
OS=Windows_NT
PROCESSOR_IDENTIFIER=Intel64 Family 6 Model 78 Stepping 3, GenuineIntel
TMP=C:\Users\User\AppData\Local\Temp
TEMP=C:\Users\User\AppData\Local\Temp



---------------  S Y S T E M  ---------------

OS:
 Windows 10 , 64 bit Build 19041 (10.0.19041.3636)
OS uptime: 2 days 19:52 hours
Hyper-V role detected

CPU: total 4 (initial active 4) (2 cores per cpu, 2 threads per core) family 6 model 78 stepping 3 microcode 0xcc, cx8, cmov, fxsr, ht, mmx, 3dnowpref, sse, sse2, sse3, ssse3, sse4.1, sse4.2, popcnt, lzcnt, tsc, tscinvbit, avx, avx2, aes, erms, clmul, bmi1, bmi2, adx, fma, vzeroupper, clflush, clflushopt, hv

Memory: 4k page, system-wide physical 8071M (798M free)
TotalPageFile size 12834M (AvailPageFile size 5M)
current process WorkingSet (physical memory assigned to process): 55M, peak: 92M
current process commit charge ("private bytes"): 235M, peak: 236M

vm_info: OpenJDK 64-Bit Server VM (17.0.5+1-b653.25) for windows-amd64 JRE (17.0.5+1-b653.25), built on 2023-01-04 by "builduser" with MS VC++ 16.10 / 16.11 (VS2019)

END.
